2024-07-20 13:07:50,063 - GraphController - INFO - invoked 'add_node'
2024-07-20 13:07:53,238 - GraphController - INFO - invoked 'add_node'
2024-07-20 13:20:43,149 - GraphController - INFO - invoked 'add_node'
2024-07-20 13:21:09,141 - GraphController - INFO - invoked 'add_node'
2024-07-20 13:21:12,094 - GraphController - INFO - invoked 'add_node'
2024-07-20 13:23:07,038 - GraphController - INFO - invoked 'add_node'
2024-07-20 13:23:12,399 - GraphController - INFO - invoked 'add_node'
2024-07-20 13:23:15,997 - GraphController - INFO - invoked 'add_node'
2024-07-20 13:24:20,820 - GraphController - INFO - invoked 'add_node'
2024-07-20 13:26:45,835 - GraphController - INFO - invoked 'add_node'
2024-07-20 13:26:48,004 - GraphController - INFO - invoked 'add_node'
2024-07-20 13:38:31,566 - GraphController - INFO - invoked 'add_node'
2024-07-20 13:38:31,723 - GraphController - INFO - invoked 'remove_edge'
2024-07-20 13:38:36,874 - GraphController - INFO - invoked 'add_node'
2024-07-20 13:38:37,068 - GraphController - INFO - invoked 'remove_edge'
2024-07-20 13:40:02,590 - GraphController - INFO - invoked 'add_node'
2024-07-20 13:40:07,960 - GraphController - INFO - invoked 'add_edge'
2024-07-20 13:40:13,611 - GraphController - INFO - invoked 'remove_edge'
2024-07-20 13:42:03,850 - GraphController - INFO - updating graph view
2024-07-20 13:42:11,144 - GraphController - INFO - Updating graph view
2024-07-20 13:42:12,145 - GraphController - INFO - invoked 'add_node'
2024-07-20 13:42:12,289 - GraphController - INFO - Updating graph view
2024-07-20 13:42:20,855 - GraphController - INFO - Updating graph view
2024-07-20 13:42:22,773 - GraphController - INFO - invoked 'add_node'
2024-07-20 13:42:22,997 - GraphController - INFO - Updating graph view
2024-07-20 13:42:24,679 - GraphController - INFO - invoked 'add_node'
2024-07-20 13:42:24,922 - GraphController - INFO - Updating graph view
2024-07-20 13:42:28,766 - GraphController - INFO - invoked 'add_edge'
2024-07-20 13:42:28,862 - GraphController - INFO - Updating graph view
2024-07-20 13:42:33,244 - GraphController - INFO - invoked 'add_edge'
2024-07-20 13:42:33,388 - GraphController - INFO - Updating graph view
2024-07-20 13:42:37,492 - GraphController - INFO - invoked 'remove_edge'
2024-07-20 13:42:37,606 - GraphController - INFO - Updating graph view
2024-07-20 13:42:41,238 - GraphController - INFO - Updating graph view
2024-07-20 13:44:15,745 - GraphController - INFO - Updating graph view
2024-07-20 13:44:17,208 - GraphController - INFO - Updating graph view
2024-07-20 14:20:27,528 - GraphController - INFO - Updating graph view
2024-07-20 14:20:29,063 - GraphController - INFO - invoked 'add_node'
2024-07-20 14:20:29,235 - GraphController - INFO - Updating graph view
2024-07-20 14:20:35,648 - NoiseController - INFO - Invoked 'slider_update' for node with id: a
2024-07-20 14:20:39,014 - NoiseController - INFO - Invoked 'slider_update' for node with id: a
2024-07-20 14:20:41,499 - NoiseController - INFO - Invoked 'slider_update' for node with id: a
2024-07-20 14:20:44,359 - NoiseController - INFO - Invoked 'slider_update' for node with id: a
2024-07-20 14:20:47,141 - NoiseController - INFO - Invoked 'slider_update' for node with id: a
2024-07-20 14:20:56,619 - NoiseController - INFO - invoked 'change_distribution' for node with id: a
2024-07-20 14:20:58,491 - NoiseController - INFO - Invoked 'slider_update' for node with id: a
2024-07-20 14:21:03,632 - NoiseController - INFO - Invoked 'slider_update' for node with id: a
2024-07-20 14:21:04,257 - NoiseController - INFO - Invoked 'slider_update' for node with id: a
2024-07-20 14:21:05,752 - NoiseController - INFO - Invoked 'slider_update' for node with id: a
2024-07-20 14:21:06,832 - NoiseController - INFO - Invoked 'slider_update' for node with id: a
2024-07-20 14:21:11,484 - NoiseController - INFO - Invoked 'slider_update' for node with id: a
2024-07-20 14:21:50,196 - GraphController - INFO - Updating graph view
2024-07-20 14:21:55,008 - GraphController - INFO - Updating graph view
2024-07-20 14:22:27,929 - GraphController - INFO - Updating graph view
2024-07-20 14:22:31,176 - NoiseController - INFO - Invoked 'slider_update' for: a-0-loc
2024-07-20 14:22:34,273 - NoiseController - INFO - Invoked 'slider_update' for: a-0-scale
2024-07-20 14:22:40,250 - NoiseController - INFO - Invoked 'slider_update' for: a-1-loc
2024-07-20 14:22:42,368 - NoiseController - INFO - Invoked 'slider_update' for: a-1-scale
2024-07-20 14:26:04,398 - GraphController - INFO - Updating graph view
2024-07-20 14:26:07,964 - NoiseController - INFO - Invoked 'slider_update' for: a-0-loc via slider
2024-07-20 14:26:11,368 - NoiseController - INFO - Invoked 'slider_update' for: a-0-loc via input-value
2024-07-20 14:26:12,487 - NoiseController - INFO - Invoked 'slider_update' for: a-0-loc via input-value
2024-07-20 14:26:12,728 - NoiseController - INFO - Invoked 'slider_update' for: a-0-loc via input-value
2024-07-20 14:26:13,596 - NoiseController - INFO - Invoked 'slider_update' for: a-0-loc via input-value
2024-07-20 14:26:13,770 - NoiseController - INFO - Invoked 'slider_update' for: a-0-loc via input-value
2024-07-20 14:26:13,951 - NoiseController - INFO - Invoked 'slider_update' for: a-0-loc via input-value
2024-07-20 14:26:14,092 - NoiseController - INFO - Invoked 'slider_update' for: a-0-loc via input-value
2024-07-20 14:26:14,257 - NoiseController - INFO - Invoked 'slider_update' for: a-0-loc via input-value
2024-07-20 14:26:17,285 - NoiseController - INFO - Invoked 'slider_update' for: a-0-loc via slider
2024-07-20 14:27:01,818 - GraphController - INFO - Updating graph view
2024-07-20 14:27:58,277 - GraphController - INFO - Updating graph view
2024-07-20 14:28:46,164 - GraphController - INFO - Updating graph view
2024-07-20 14:29:04,096 - GraphController - INFO - Updating graph view
2024-07-20 14:29:44,190 - GraphController - INFO - Updating graph view
2024-07-20 14:30:39,943 - GraphController - INFO - Updating graph view
2024-07-20 14:30:47,077 - GraphController - INFO - Updating graph view
2024-07-20 14:32:28,382 - GraphController - INFO - Updating graph view
2024-07-20 14:32:53,596 - GraphController - INFO - Updating graph view
2024-07-20 14:33:05,242 - GraphController - INFO - Updating graph view
2024-07-20 14:33:09,017 - GraphController - INFO - Updating graph view
2024-07-20 14:33:31,226 - GraphController - INFO - Updating graph view
2024-07-20 14:35:02,359 - GraphController - INFO - Updating graph view
2024-07-20 14:35:24,507 - GraphController - INFO - Updating graph view
2024-07-20 14:36:07,684 - GraphController - INFO - Updating graph view
2024-07-20 14:37:47,929 - GraphController - INFO - Updating graph view
2024-07-20 14:39:10,251 - GraphController - INFO - Updating graph view
2024-07-20 14:39:45,989 - GraphController - INFO - Updating graph view
2024-07-20 14:39:51,135 - GraphController - INFO - Updating graph view
2024-07-20 17:18:56,503 - GraphController - INFO - Updating graph view
2024-07-20 17:19:48,668 - GraphController - INFO - Updating graph view
2024-07-20 17:20:26,930 - GraphController - INFO - Updating graph view
2024-07-20 17:21:28,212 - GraphController - INFO - Updating graph view
2024-07-20 17:21:57,062 - GraphController - INFO - Updating graph view
2024-07-20 17:22:24,796 - GraphController - INFO - Updating graph view
2024-07-20 17:22:48,043 - GraphController - INFO - Updating graph view
2024-07-20 17:23:40,089 - GraphController - INFO - Updating graph view
2024-07-20 17:23:51,215 - GraphController - INFO - Updating graph view
2024-07-20 17:24:16,497 - GraphController - INFO - Updating graph view
2024-07-20 17:24:30,679 - GraphController - INFO - Updating graph view
2024-07-20 17:24:49,850 - GraphController - INFO - Updating graph view
